<?xml version="1.0" encoding="UTF-8"?>
<!-- Generated by org.testng.reporters.JUnitReportReporter -->
<testsuite hostname="DESKTOP-I95JGMB" name="script.ValidLogin" tests="1" failures="0" timestamp="14 Mar 2019 10:32:55 GMT" time="28.201" errors="0">
  <testcase name="testvalid" time="28.201" classname="script.ValidLogin"/>
</testsuite> <!-- script.ValidLogin -->
